# JRE version: OpenJDK Runtime Environment (17.0.11) (build 17.0.11+0--11852314)
# Java VM: OpenJDK 64-Bit Server VM (17.0.11+0--11852314, mixed mode, tiered, compressed oops, compressed class ptrs, g1 gc, windows-amd64)
GC Precious Log:
 CPUs: 16 total, 16 available
 Memory: 7893M
 Large Page Support: Disabled
 NUMA Support: Disabled
 Compressed Oops: Enabled (32-bit)
 Heap Region Size: 1M
 Heap Min Capacity: 8M
 Heap Initial Capacity: 124M
 Heap Max Capacity: 2G
 Pre-touch: Disabled
 Parallel Workers: 13
 Concurrent Workers: 3
 Concurrent Refinement Workers: 13
 Periodic GC: Disabled
Heap:
 garbage-first heap   total 107520K, used 91415K [0x0000000080000000, 0x0000000100000000)
  region size 1024K, 30 young (30720K), 1 survivors (1024K)
 Metaspace       used 65498K, committed 66048K, reserved 1114112K
  class space    used 8837K, committed 9088K, reserved 1048576K
GC Heap History (20 events):
Event: 4.785 GC heap before
{Heap before GC invocations=10 (full 0):
 garbage-first heap   total 86016K, used 66143K [0x0000000080000000, 0x0000000100000000)
  region size 1024K, 41 young (41984K), 4 survivors (4096K)
 Metaspace       used 43484K, committed 43904K, reserved 1114112K
  class space    used 5780K, committed 5952K, reserved 1048576K
}
Event: 4.792 GC heap after
{Heap after GC invocations=11 (full 0):
 garbage-first heap   total 86016K, used 31546K [0x0000000080000000, 0x0000000100000000)
  region size 1024K, 6 young (6144K), 6 survivors (6144K)
 Metaspace       used 43484K, committed 43904K, reserved 1114112K
  class space    used 5780K, committed 5952K, reserved 1048576K
}
Event: 5.297 GC heap before
{Heap before GC invocations=11 (full 0):
 garbage-first heap   total 86016K, used 65338K [0x0000000080000000, 0x0000000100000000)
  region size 1024K, 39 young (39936K), 6 survivors (6144K)
 Metaspace       used 47657K, committed 48192K, reserved 1114112K
  class space    used 6479K, committed 6720K, reserved 1048576K
}
Event: 5.300 GC heap after
{Heap after GC invocations=12 (full 0):
 garbage-first heap   total 86016K, used 33478K [0x0000000080000000, 0x0000000100000000)
  region size 1024K, 3 young (3072K), 3 survivors (3072K)
 Metaspace       used 47657K, committed 48192K, reserved 1114112K
  class space    used 6479K, committed 6720K, reserved 1048576K
}
Event: 5.713 GC heap before
{Heap before GC invocations=12 (full 0):
 garbage-first heap   total 86016K, used 66246K [0x0000000080000000, 0x0000000100000000)
  region size 1024K, 35 young (35840K), 3 survivors (3072K)
 Metaspace       used 52067K, committed 52480K, reserved 1114112K
  class space    used 7196K, committed 7360K, reserved 1048576K
}
Event: 5.716 GC heap after
{Heap after GC invocations=13 (full 0):
 garbage-first heap   total 86016K, used 35055K [0x0000000080000000, 0x0000000100000000)
  region size 1024K, 4 young (4096K), 4 survivors (4096K)
 Metaspace       used 52067K, committed 52480K, reserved 1114112K
  class space    used 7196K, committed 7360K, reserved 1048576K
}
Event: 6.266 GC heap before
{Heap before GC invocations=13 (full 0):
 garbage-first heap   total 86016K, used 68847K [0x0000000080000000, 0x0000000100000000)
  region size 1024K, 36 young (36864K), 4 survivors (4096K)
 Metaspace       used 58230K, committed 58752K, reserved 1114112K
  class space    used 7895K, committed 8128K, reserved 1048576K
}
Event: 6.270 GC heap after
{Heap after GC invocations=14 (full 0):
 garbage-first heap   total 86016K, used 38178K [0x0000000080000000, 0x0000000100000000)
  region size 1024K, 5 young (5120K), 5 survivors (5120K)
 Metaspace       used 58230K, committed 58752K, reserved 1114112K
  class space    used 7895K, committed 8128K, reserved 1048576K
}
Event: 6.480 GC heap before
{Heap before GC invocations=14 (full 0):
 garbage-first heap   total 86016K, used 46370K [0x0000000080000000, 0x0000000100000000)
  region size 1024K, 14 young (14336K), 5 survivors (5120K)
 Metaspace       used 59844K, committed 60288K, reserved 1114112K
  class space    used 8148K, committed 8384K, reserved 1048576K
}
Event: 6.483 GC heap after
{Heap after GC invocations=15 (full 0):
 garbage-first heap   total 86016K, used 39057K [0x0000000080000000, 0x0000000100000000)
  region size 1024K, 1 young (1024K), 1 survivors (1024K)
 Metaspace       used 59844K, committed 60288K, reserved 1114112K
  class space    used 8148K, committed 8384K, reserved 1048576K
}
Event: 7.691 GC heap before
{Heap before GC invocations=16 (full 0):
 garbage-first heap   total 86016K, used 67729K [0x0000000080000000, 0x0000000100000000)
  region size 1024K, 30 young (30720K), 1 survivors (1024K)
 Metaspace       used 62867K, committed 63360K, reserved 1114112K
  class space    used 8515K, committed 8768K, reserved 1048576K
}
Event: 7.694 GC heap after
{Heap after GC invocations=17 (full 0):
 garbage-first heap   total 86016K, used 42941K [0x0000000080000000, 0x0000000100000000)
  region size 1024K, 4 young (4096K), 4 survivors (4096K)
 Metaspace       used 62867K, committed 63360K, reserved 1114112K
  class space    used 8515K, committed 8768K, reserved 1048576K
}
Event: 7.834 GC heap before
{Heap before GC invocations=17 (full 0):
 garbage-first heap   total 86016K, used 66493K [0x0000000080000000, 0x0000000100000000)
  region size 1024K, 28 young (28672K), 4 survivors (4096K)
 Metaspace       used 63207K, committed 63744K, reserved 1114112K
  class space    used 8520K, committed 8768K, reserved 1048576K
}
Event: 7.838 GC heap after
{Heap after GC invocations=18 (full 0):
 garbage-first heap   total 86016K, used 47079K [0x0000000080000000, 0x0000000100000000)
  region size 1024K, 4 young (4096K), 4 survivors (4096K)
 Metaspace       used 63207K, committed 63744K, reserved 1114112K
  class space    used 8520K, committed 8768K, reserved 1048576K
}
Event: 8.045 GC heap before
{Heap before GC invocations=19 (full 0):
 garbage-first heap   total 89088K, used 73703K [0x0000000080000000, 0x0000000100000000)
  region size 1024K, 24 young (24576K), 4 survivors (4096K)
 Metaspace       used 63803K, committed 64320K, reserved 1114112K
  class space    used 8599K, committed 8832K, reserved 1048576K
}
Event: 8.048 GC heap after
{Heap after GC invocations=20 (full 0):
 garbage-first heap   total 89088K, used 54873K [0x0000000080000000, 0x0000000100000000)
  region size 1024K, 3 young (3072K), 3 survivors (3072K)
 Metaspace       used 63803K, committed 64320K, reserved 1114112K
  class space    used 8599K, committed 8832K, reserved 1048576K
}
Event: 8.057 GC heap before
{Heap before GC invocations=20 (full 0):
 garbage-first heap   total 89088K, used 54873K [0x0000000080000000, 0x0000000100000000)
  region size 1024K, 4 young (4096K), 3 survivors (3072K)
 Metaspace       used 63915K, committed 64384K, reserved 1114112K
  class space    used 8618K, committed 8832K, reserved 1048576K
}
Event: 8.058 GC heap after
{Heap after GC invocations=21 (full 0):
 garbage-first heap   total 107520K, used 54741K [0x0000000080000000, 0x0000000100000000)
  region size 1024K, 1 young (1024K), 1 survivors (1024K)
 Metaspace       used 63915K, committed 64384K, reserved 1114112K
  class space    used 8618K, committed 8832K, reserved 1048576K
}
Event: 8.065 GC heap before
{Heap before GC invocations=21 (full 0):
 garbage-first heap   total 107520K, used 54741K [0x0000000080000000, 0x0000000100000000)
  region size 1024K, 2 young (2048K), 1 survivors (1024K)
 Metaspace       used 63984K, committed 64512K, reserved 1114112K
  class space    used 8630K, committed 8896K, reserved 1048576K
}
Event: 8.067 GC heap after
{Heap after GC invocations=22 (full 0):
 garbage-first heap   total 107520K, used 54551K [0x0000000080000000, 0x0000000100000000)
  region size 1024K, 1 young (1024K), 1 survivors (1024K)
 Metaspace       used 63984K, committed 64512K, reserved 1114112K
  class space    used 8630K, committed 8896K, reserved 1048576K
}

