# JRE version: OpenJDK Runtime Environment (17.0.11) (build 17.0.11+0--11852314)
# Java VM: OpenJDK 64-Bit Server VM (17.0.11+0--11852314, mixed mode, tiered, compressed oops, compressed class ptrs, g1 gc, windows-amd64)
GC Precious Log:
 CPUs: 16 total, 16 available
 Memory: 7893M
 Large Page Support: Disabled
 NUMA Support: Disabled
 Compressed Oops: Enabled (32-bit)
 Heap Region Size: 1M
 Heap Min Capacity: 8M
 Heap Initial Capacity: 124M
 Heap Max Capacity: 2G
 Pre-touch: Disabled
 Parallel Workers: 13
 Concurrent Workers: 3
 Concurrent Refinement Workers: 13
 Periodic GC: Disabled
Heap:
 garbage-first heap   total 189440K, used 124048K [0x0000000080000000, 0x0000000100000000)
  region size 1024K, 25 young (25600K), 6 survivors (6144K)
 Metaspace       used 103567K, committed 104256K, reserved 1179648K
  class space    used 14073K, committed 14400K, reserved 1048576K
GC Heap History (20 events):
Event: 5.300 GC heap before
{Heap before GC invocations=23 (full 0):
 garbage-first heap   total 189440K, used 130662K [0x0000000080000000, 0x0000000100000000)
  region size 1024K, 66 young (67584K), 1 survivors (1024K)
 Metaspace       used 67185K, committed 67776K, reserved 1114112K
  class space    used 9017K, committed 9280K, reserved 1048576K
}
Event: 5.302 GC heap after
{Heap after GC invocations=24 (full 0):
 garbage-first heap   total 189440K, used 66040K [0x0000000080000000, 0x0000000100000000)
  region size 1024K, 3 young (3072K), 3 survivors (3072K)
 Metaspace       used 67185K, committed 67776K, reserved 1114112K
  class space    used 9017K, committed 9280K, reserved 1048576K
}
Event: 5.877 GC heap before
{Heap before GC invocations=24 (full 0):
 garbage-first heap   total 189440K, used 146936K [0x0000000080000000, 0x0000000100000000)
  region size 1024K, 77 young (78848K), 3 survivors (3072K)
 Metaspace       used 72846K, committed 73472K, reserved 1114112K
  class space    used 9740K, committed 10048K, reserved 1048576K
}
Event: 5.880 GC heap after
{Heap after GC invocations=25 (full 0):
 garbage-first heap   total 189440K, used 73244K [0x0000000080000000, 0x0000000100000000)
  region size 1024K, 9 young (9216K), 9 survivors (9216K)
 Metaspace       used 72846K, committed 73472K, reserved 1114112K
  class space    used 9740K, committed 10048K, reserved 1048576K
}
Event: 6.441 GC heap before
{Heap before GC invocations=25 (full 0):
 garbage-first heap   total 189440K, used 144924K [0x0000000080000000, 0x0000000100000000)
  region size 1024K, 75 young (76800K), 9 survivors (9216K)
 Metaspace       used 79398K, committed 80064K, reserved 1179648K
  class space    used 10613K, committed 10944K, reserved 1048576K
}
Event: 6.445 GC heap after
{Heap after GC invocations=26 (full 0):
 garbage-first heap   total 189440K, used 81983K [0x0000000080000000, 0x0000000100000000)
  region size 1024K, 5 young (5120K), 5 survivors (5120K)
 Metaspace       used 79398K, committed 80064K, reserved 1179648K
  class space    used 10613K, committed 10944K, reserved 1048576K
}
Event: 7.062 GC heap before
{Heap before GC invocations=26 (full 0):
 garbage-first heap   total 189440K, used 146495K [0x0000000080000000, 0x0000000100000000)
  region size 1024K, 69 young (70656K), 5 survivors (5120K)
 Metaspace       used 82956K, committed 83584K, reserved 1179648K
  class space    used 11069K, committed 11392K, reserved 1048576K
}
Event: 7.066 GC heap after
{Heap after GC invocations=27 (full 0):
 garbage-first heap   total 189440K, used 86290K [0x0000000080000000, 0x0000000100000000)
  region size 1024K, 9 young (9216K), 9 survivors (9216K)
 Metaspace       used 82956K, committed 83584K, reserved 1179648K
  class space    used 11069K, committed 11392K, reserved 1048576K
}
Event: 7.577 GC heap before
{Heap before GC invocations=27 (full 0):
 garbage-first heap   total 189440K, used 149778K [0x0000000080000000, 0x0000000100000000)
  region size 1024K, 71 young (72704K), 9 survivors (9216K)
 Metaspace       used 87314K, committed 87936K, reserved 1179648K
  class space    used 11861K, committed 12160K, reserved 1048576K
}
Event: 7.581 GC heap after
{Heap after GC invocations=28 (full 0):
 garbage-first heap   total 189440K, used 88840K [0x0000000080000000, 0x0000000100000000)
  region size 1024K, 8 young (8192K), 8 survivors (8192K)
 Metaspace       used 87314K, committed 87936K, reserved 1179648K
  class space    used 11861K, committed 12160K, reserved 1048576K
}
Event: 8.151 GC heap before
{Heap before GC invocations=28 (full 0):
 garbage-first heap   total 189440K, used 152328K [0x0000000080000000, 0x0000000100000000)
  region size 1024K, 70 young (71680K), 8 survivors (8192K)
 Metaspace       used 92241K, committed 92864K, reserved 1179648K
  class space    used 12562K, committed 12864K, reserved 1048576K
}
Event: 8.155 GC heap after
{Heap after GC invocations=29 (full 0):
 garbage-first heap   total 189440K, used 91996K [0x0000000080000000, 0x0000000100000000)
  region size 1024K, 6 young (6144K), 6 survivors (6144K)
 Metaspace       used 92241K, committed 92864K, reserved 1179648K
  class space    used 12562K, committed 12864K, reserved 1048576K
}
Event: 8.615 GC heap before
{Heap before GC invocations=29 (full 0):
 garbage-first heap   total 189440K, used 150364K [0x0000000080000000, 0x0000000100000000)
  region size 1024K, 64 young (65536K), 6 survivors (6144K)
 Metaspace       used 97393K, committed 98048K, reserved 1179648K
  class space    used 13316K, committed 13632K, reserved 1048576K
}
Event: 8.620 GC heap after
{Heap after GC invocations=30 (full 0):
 garbage-first heap   total 189440K, used 95223K [0x0000000080000000, 0x0000000100000000)
  region size 1024K, 7 young (7168K), 7 survivors (7168K)
 Metaspace       used 97393K, committed 98048K, reserved 1179648K
  class space    used 13316K, committed 13632K, reserved 1048576K
}
Event: 9.122 GC heap before
{Heap before GC invocations=31 (full 0):
 garbage-first heap   total 189440K, used 153591K [0x0000000080000000, 0x0000000100000000)
  region size 1024K, 65 young (66560K), 7 survivors (7168K)
 Metaspace       used 100932K, committed 101632K, reserved 1179648K
  class space    used 13773K, committed 14144K, reserved 1048576K
}
Event: 9.129 GC heap after
{Heap after GC invocations=32 (full 0):
 garbage-first heap   total 189440K, used 101284K [0x0000000080000000, 0x0000000100000000)
  region size 1024K, 9 young (9216K), 9 survivors (9216K)
 Metaspace       used 100932K, committed 101632K, reserved 1179648K
  class space    used 13773K, committed 14144K, reserved 1048576K
}
Event: 9.140 GC heap before
{Heap before GC invocations=32 (full 0):
 garbage-first heap   total 189440K, used 102308K [0x0000000080000000, 0x0000000100000000)
  region size 1024K, 10 young (10240K), 9 survivors (9216K)
 Metaspace       used 101021K, committed 101760K, reserved 1179648K
  class space    used 13779K, committed 14144K, reserved 1048576K
}
Event: 9.144 GC heap after
{Heap after GC invocations=33 (full 0):
 garbage-first heap   total 189440K, used 101665K [0x0000000080000000, 0x0000000100000000)
  region size 1024K, 2 young (2048K), 2 survivors (2048K)
 Metaspace       used 101021K, committed 101760K, reserved 1179648K
  class space    used 13779K, committed 14144K, reserved 1048576K
}
Event: 9.543 GC heap before
{Heap before GC invocations=33 (full 0):
 garbage-first heap   total 189440K, used 157985K [0x0000000080000000, 0x0000000100000000)
  region size 1024K, 53 young (54272K), 2 survivors (2048K)
 Metaspace       used 103521K, committed 104256K, reserved 1179648K
  class space    used 14071K, committed 14400K, reserved 1048576K
}
Event: 9.546 GC heap after
{Heap after GC invocations=34 (full 0):
 garbage-first heap   total 189440K, used 105616K [0x0000000080000000, 0x0000000100000000)
  region size 1024K, 6 young (6144K), 6 survivors (6144K)
 Metaspace       used 103521K, committed 104256K, reserved 1179648K
  class space    used 14071K, committed 14400K, reserved 1048576K
}

